app/manifest-merger-release-report.txt
-- Merging decision tree log ---
manifest
ADDED from AndroidManifest.xml:2:1
	xmlns:android
		ADDED from AndroidManifest.xml:2:11
	package
		ADDED from AndroidManifest.xml:3:5
		INJECTED from AndroidManifest.xml:0:0
		INJECTED from AndroidManifest.xml:0:0
	android:versionName
		INJECTED from AndroidManifest.xml:0:0
		INJECTED from AndroidManifest.xml:0:0
	android:versionCode
		INJECTED from AndroidManifest.xml:0:0
		INJECTED from AndroidManifest.xml:0:0
uses-permission#android.permission.INTERNET
ADDED from AndroidManifest.xml:4:5
	android:name
		ADDED from AndroidManifest.xml:4:22
uses-permission#android.permission.ACCESS_NETWORK_STATE
ADDED from AndroidManifest.xml:5:5
	android:name
		ADDED from AndroidManifest.xml:5:22
uses-permission#android.permission.WAKE_LOCK
ADDED from AndroidManifest.xml:6:5
	android:name
		ADDED from AndroidManifest.xml:6:22
uses-permission#android.permission.RECEIVE_BOOT_COMPLETED
ADDED from AndroidManifest.xml:7:5
	android:name
		ADDED from AndroidManifest.xml:7:22
uses-permission#android.permission.VIBRATE
ADDED from AndroidManifest.xml:8:5
	android:name
		ADDED from AndroidManifest.xml:8:22
uses-permission#android.permission.GET_ACCOUNTS
ADDED from AndroidManifest.xml:9:5
	android:name
		ADDED from AndroidManifest.xml:9:22
uses-permission#android.permission.CALL_PHONE
ADDED from AndroidManifest.xml:10:5
	android:name
		ADDED from AndroidManifest.xml:10:22
uses-permission#com.google.android.c2dm.permission.RECEIVE
ADDED from AndroidManifest.xml:11:5
	android:name
		ADDED from AndroidManifest.xml:11:22
uses-permission#android.permission.READ_PHONE_STATE
ADDED from AndroidManifest.xml:12:5
	android:name
		ADDED from AndroidManifest.xml:12:22
permission#nefro.permission.C2D_MESSAGE
ADDED from AndroidManifest.xml:14:5
	android:protectionLevel
		ADDED from AndroidManifest.xml:15:9
	android:name
		ADDED from AndroidManifest.xml:14:17
uses-permission#nefro.permission.C2D_MESSAGE
ADDED from AndroidManifest.xml:17:5
	android:name
		ADDED from AndroidManifest.xml:17:22
uses-feature#android.hardware.telephony
ADDED from AndroidManifest.xml:18:5
	android:required
		ADDED from AndroidManifest.xml:18:62
	android:name
		ADDED from AndroidManifest.xml:18:19
supports-screens
ADDED from AndroidManifest.xml:19:5
	android:largeScreens
		ADDED from AndroidManifest.xml:21:9
	android:anyDensity
		ADDED from AndroidManifest.xml:20:9
	android:normalScreens
		ADDED from AndroidManifest.xml:22:9
	android:xlargeScreens
		ADDED from AndroidManifest.xml:24:9
	android:smallScreens
		ADDED from AndroidManifest.xml:23:9
application
ADDED from AndroidManifest.xml:26:5
MERGED from com.android.support:appcompat-v7:21.0.3:16:5
MERGED from com.android.support:support-v4:21.0.3:16:5
MERGED from it.sephiroth.android.library.imagezoom:imagezoom:2.2.2:11:5
	android:label
		ADDED from AndroidManifest.xml:31:9
	android:allowBackup
		ADDED from AndroidManifest.xml:28:9
	android:icon
		ADDED from AndroidManifest.xml:30:9
	android:theme
		ADDED from AndroidManifest.xml:32:9
	android:hardwareAccelerated
		ADDED from AndroidManifest.xml:27:9
	android:largeHeap
		ADDED from AndroidManifest.xml:29:9
	android:name
		ADDED from AndroidManifest.xml:33:9
activity#nefro.MainActivity
ADDED from AndroidManifest.xml:35:9
	android:screenOrientation
		ADDED from AndroidManifest.xml:40:13
	android:configChanges
		ADDED from AndroidManifest.xml:39:13
	android:name
		ADDED from AndroidManifest.xml:36:13
	android:alwaysRetainTaskState
		ADDED from AndroidManifest.xml:38:13
intent-filter#android.intent.action.MAIN+android.intent.category.LAUNCHER
ADDED from AndroidManifest.xml:41:13
action#android.intent.action.MAIN
ADDED from AndroidManifest.xml:42:17
	android:name
		ADDED from AndroidManifest.xml:42:25
category#android.intent.category.LAUNCHER
ADDED from AndroidManifest.xml:44:17
	android:name
		ADDED from AndroidManifest.xml:44:27
intent-filter#android.intent.action.SENDTO+android.intent.category.DEFAULT
ADDED from AndroidManifest.xml:46:13
action#android.intent.action.SENDTO
ADDED from AndroidManifest.xml:47:17
	android:name
		ADDED from AndroidManifest.xml:47:25
data
ADDED from AndroidManifest.xml:48:17
	android:scheme
		ADDED from AndroidManifest.xml:48:23
category#android.intent.category.DEFAULT
ADDED from AndroidManifest.xml:49:17
	android:name
		ADDED from AndroidManifest.xml:49:27
service#com.parse.PushService
ADDED from AndroidManifest.xml:61:9
	android:name
		ADDED from AndroidManifest.xml:61:18
receiver#com.parse.ParseBroadcastReceiver
ADDED from AndroidManifest.xml:62:9
	android:name
		ADDED from AndroidManifest.xml:62:19
intent-filter#android.intent.action.BOOT_COMPLETED+android.intent.action.USER_PRESENT
ADDED from AndroidManifest.xml:63:13
action#android.intent.action.BOOT_COMPLETED
ADDED from AndroidManifest.xml:64:17
	android:name
		ADDED from AndroidManifest.xml:64:25
action#android.intent.action.USER_PRESENT
ADDED from AndroidManifest.xml:65:17
	android:name
		ADDED from AndroidManifest.xml:65:25
receiver#com.parse.GcmBroadcastReceiver
ADDED from AndroidManifest.xml:68:9
	android:permission
		ADDED from AndroidManifest.xml:69:13
	android:name
		ADDED from AndroidManifest.xml:68:19
intent-filter#com.google.android.c2dm.intent.RECEIVE+com.google.android.c2dm.intent.REGISTRATION+nefro
ADDED from AndroidManifest.xml:70:13
action#com.google.android.c2dm.intent.RECEIVE
ADDED from AndroidManifest.xml:71:17
	android:name
		ADDED from AndroidManifest.xml:71:25
action#com.google.android.c2dm.intent.REGISTRATION
ADDED from AndroidManifest.xml:72:17
	android:name
		ADDED from AndroidManifest.xml:72:25
category#nefro
ADDED from AndroidManifest.xml:77:17
	android:name
		ADDED from AndroidManifest.xml:77:27
receiver#utils.Receiver
ADDED from AndroidManifest.xml:80:9
	android:exported
		ADDED from AndroidManifest.xml:80:49
	android:name
		ADDED from AndroidManifest.xml:80:19
intent-filter#com.parse.push.intent.DELETE+com.parse.push.intent.OPEN+com.parse.push.intent.RECEIVE
ADDED from AndroidManifest.xml:81:13
action#com.parse.push.intent.RECEIVE
ADDED from AndroidManifest.xml:82:17
	android:name
		ADDED from AndroidManifest.xml:82:25
action#com.parse.push.intent.DELETE
ADDED from AndroidManifest.xml:83:17
	android:name
		ADDED from AndroidManifest.xml:83:25
action#com.parse.push.intent.OPEN
ADDED from AndroidManifest.xml:84:17
	android:name
		ADDED from AndroidManifest.xml:84:25
service#nefro.ServicioAlarma
ADDED from AndroidManifest.xml:88:9
	android:enabled
		ADDED from AndroidManifest.xml:90:13
	android:name
		ADDED from AndroidManifest.xml:89:13
receiver#nefro.BroadcastAlarma
ADDED from AndroidManifest.xml:92:9
	android:name
		ADDED from AndroidManifest.xml:92:19
meta-data#com.parse.push.notification_icon
ADDED from AndroidManifest.xml:94:9
	android:resource
		ADDED from AndroidManifest.xml:94:68
	android:name
		ADDED from AndroidManifest.xml:94:20
uses-sdk
INJECTED from AndroidManifest.xml:0:0 reason: use-sdk injection requested
MERGED from com.android.support:appcompat-v7:21.0.3:15:5
MERGED from com.android.support:support-v4:21.0.3:15:5
MERGED from it.sephiroth.android.library.imagezoom:imagezoom:2.2.2:7:5
	android:targetSdkVersion
		INJECTED from AndroidManifest.xml:0:0
		INJECTED from AndroidManifest.xml:0:0
	android:minSdkVersion
		INJECTED from AndroidManifest.xml:0:0
		INJECTED from AndroidManifest.xml:0:0